<?xml version="1.0" encoding="utf-8"?><testsuites><testsuite name="pytest" errors="0" failures="0" skipped="0" tests="1" time="0.070" timestamp="2021-06-21T12:24:09.766036" hostname="ubuntu-VirtualBox"><testcase classname="test_test1" name="test_mock" time="0.003" /></testsuite></testsuites>